Thu Apr 17 06:16:36 UTC 2025
Thu Apr 17 13:34:07 UTC 2025
Fri Apr 18 13:15:37 UTC 2025
Sat Apr 19 13:02:57 UTC 2025
Sun Apr 20 13:14:49 UTC 2025
Mon Apr 21 13:17:42 UTC 2025
Tue Apr 22 13:35:20 UTC 2025
Wed Apr 23 13:36:34 UTC 2025
Thu Apr 24 13:36:50 UTC 2025
Fri Apr 25 13:33:45 UTC 2025
Sat Apr 26 13:04:20 UTC 2025
Sun Apr 27 13:04:58 UTC 2025
Mon Apr 28 13:50:30 UTC 2025
Tue Apr 29 13:44:31 UTC 2025
Wed Apr 30 13:35:29 UTC 2025
Thu May  1 13:33:20 UTC 2025
Fri May  2 13:34:38 UTC 2025
Sat May  3 13:13:48 UTC 2025
Sun May  4 13:14:23 UTC 2025
Mon May  5 13:36:45 UTC 2025
Tue May  6 13:41:13 UTC 2025
Wed May  7 13:43:06 UTC 2025
